WARNING: Unknown module: jdk.compiler specified to --add-exports
WARNING: Unknown module: jdk.compiler specified to --add-exports
WARNING: Unknown module: jdk.compiler specified to --add-exports
WARNING: Unknown module: jdk.compiler specified to --add-exports
WARNING: Unknown module: jdk.compiler specified to --add-exports
Thu Jul 10 07:13:51 PM UTC 2025: Triggering savepoint for job 9dac58615cbb729077dde330f5ca96e3
a3a4f17ca6ace72443febc729f072a60...
Thu Jul 10 07:13:52 PM UTC 2025: Failed to trigger savepoint
WARNING: Unknown module: jdk.compiler specified to --add-exports
WARNING: Unknown module: jdk.compiler specified to --add-exports
WARNING: Unknown module: jdk.compiler specified to --add-exports
WARNING: Unknown module: jdk.compiler specified to --add-exports
WARNING: Unknown module: jdk.compiler specified to --add-exports
Thu Jul 10 07:17:34 PM UTC 2025: Triggering savepoint for job 4465d15a5d1bbcd66a27c350986f7f67...
Thu Jul 10 07:17:34 PM UTC 2025: Savepoint triggered successfully
WARNING: Unknown module: jdk.compiler specified to --add-exports
WARNING: Unknown module: jdk.compiler specified to --add-exports
WARNING: Unknown module: jdk.compiler specified to --add-exports
WARNING: Unknown module: jdk.compiler specified to --add-exports
WARNING: Unknown module: jdk.compiler specified to --add-exports
Thu Jul 10 07:19:37 PM UTC 2025: Triggering savepoint for job 4465d15a5d1bbcd66a27c350986f7f67...
Thu Jul 10 07:19:37 PM UTC 2025: Savepoint triggered successfully
WARNING: Unknown module: jdk.compiler specified to --add-exports
WARNING: Unknown module: jdk.compiler specified to --add-exports
WARNING: Unknown module: jdk.compiler specified to --add-exports
WARNING: Unknown module: jdk.compiler specified to --add-exports
WARNING: Unknown module: jdk.compiler specified to --add-exports
Thu Jul 10 07:21:40 PM UTC 2025: Triggering savepoint for job 4465d15a5d1bbcd66a27c350986f7f67...
Thu Jul 10 07:21:40 PM UTC 2025: Savepoint triggered successfully
WARNING: Unknown module: jdk.compiler specified to --add-exports
WARNING: Unknown module: jdk.compiler specified to --add-exports
WARNING: Unknown module: jdk.compiler specified to --add-exports
WARNING: Unknown module: jdk.compiler specified to --add-exports
WARNING: Unknown module: jdk.compiler specified to --add-exports
Thu Jul 10 07:23:43 PM UTC 2025: Triggering savepoint for job 4465d15a5d1bbcd66a27c350986f7f67...
Thu Jul 10 07:23:43 PM UTC 2025: Savepoint triggered successfully
WARNING: Unknown module: jdk.compiler specified to --add-exports
WARNING: Unknown module: jdk.compiler specified to --add-exports
WARNING: Unknown module: jdk.compiler specified to --add-exports
WARNING: Unknown module: jdk.compiler specified to --add-exports
WARNING: Unknown module: jdk.compiler specified to --add-exports
Thu Jul 10 07:31:53 PM UTC 2025: Triggering savepoint for job c3d221364d43c5fbc94c017ec40e3027...
Thu Jul 10 07:31:53 PM UTC 2025: Savepoint triggered successfully
WARNING: Unknown module: jdk.compiler specified to --add-exports
WARNING: Unknown module: jdk.compiler specified to --add-exports
WARNING: Unknown module: jdk.compiler specified to --add-exports
WARNING: Unknown module: jdk.compiler specified to --add-exports
WARNING: Unknown module: jdk.compiler specified to --add-exports
Thu Jul 10 07:50:20 PM UTC 2025: Triggering savepoint for job e5572838b36d81241ad2955fad092062...
Thu Jul 10 07:50:24 PM UTC 2025: Savepoint triggered successfully
Thu Jul 10 07:50:24 PM UTC 2025: New savepoint path: /tmp/flink/state/state_sp/savepoint-e55728-57c4532015d9
WARNING: Unknown module: jdk.compiler specified to --add-exports
WARNING: Unknown module: jdk.compiler specified to --add-exports
WARNING: Unknown module: jdk.compiler specified to --add-exports
WARNING: Unknown module: jdk.compiler specified to --add-exports
WARNING: Unknown module: jdk.compiler specified to --add-exports
Thu Jul 10 07:52:26 PM UTC 2025: Triggering savepoint for job e5572838b36d81241ad2955fad092062...
Thu Jul 10 07:52:29 PM UTC 2025: Savepoint triggered successfully
Thu Jul 10 07:52:29 PM UTC 2025: New savepoint path: /tmp/flink/state/state_sp/savepoint-e55728-65c7224910fb
Thu Jul 10 07:52:29 PM UTC 2025: Deleting previous savepoint at /tmp/flink/state/state_sp/savepoint-e55728-57c4532015d9
WARNING: Unknown module: jdk.compiler specified to --add-exports
WARNING: Unknown module: jdk.compiler specified to --add-exports
WARNING: Unknown module: jdk.compiler specified to --add-exports
WARNING: Unknown module: jdk.compiler specified to --add-exports
WARNING: Unknown module: jdk.compiler specified to --add-exports
Thu Jul 10 07:54:37 PM UTC 2025: Triggering savepoint for job d6e5fd5aa8e0ec067777f057cb6cdc4b...
Thu Jul 10 07:54:42 PM UTC 2025: Savepoint failed or incomplete:
WARNING: Unknown module: jdk.compiler specified to --add-exports
WARNING: Unknown module: jdk.compiler specified to --add-exports
WARNING: Unknown module: jdk.compiler specified to --add-exports
WARNING: Unknown module: jdk.compiler specified to --add-exports
WARNING: Unknown module: jdk.compiler specified to --add-exports
Triggering savepoint for job d6e5fd5aa8e0ec067777f057cb6cdc4b.
Waiting for response...

------------------------------------------------------------
 The program finished with the following exception:

org.apache.flink.util.FlinkException: Triggering a savepoint for the job d6e5fd5aa8e0ec067777f057cb6cdc4b failed.
	at org.apache.flink.client.cli.CliFrontend.triggerSavepoint(CliFrontend.java:815)
	at org.apache.flink.client.cli.CliFrontend.lambda$savepoint$8(CliFrontend.java:783)
	at org.apache.flink.client.cli.CliFrontend.runClusterAction(CliFrontend.java:1041)
	at org.apache.flink.client.cli.CliFrontend.savepoint(CliFrontend.java:779)
	at org.apache.flink.client.cli.CliFrontend.parseAndRun(CliFrontend.java:1113)
	at org.apache.flink.client.cli.CliFrontend.lambda$mainInternal$9(CliFrontend.java:1189)
	at org.apache.flink.runtime.security.contexts.NoOpSecurityContext.runSecured(NoOpSecurityContext.java:28)
	at org.apache.flink.client.cli.CliFrontend.mainInternal(CliFrontend.java:1189)
	at org.apache.flink.client.cli.CliFrontend.main(CliFrontend.java:1157)
Caused by: java.util.concurrent.CompletionException: java.util.concurrent.CompletionException: org.apache.flink.runtime.checkpoint.CheckpointException: Checkpoint triggering task Source: Custom Source -> PROCESS -> (Map -> Sink: Print to Std. Out, Map, _stream_key_by_map_operator) (1/1) of job d6e5fd5aa8e0ec067777f057cb6cdc4b is not being executed at the moment. Aborting checkpoint. Failure reason: Not all required tasks are currently running.
	at java.base/java.util.concurrent.CompletableFuture.encodeRelay(Unknown Source)
	at java.base/java.util.concurrent.CompletableFuture.completeRelay(Unknown Source)
	at java.base/java.util.concurrent.CompletableFuture$UniRelay.tryFire(Unknown Source)
	at java.base/java.util.concurrent.CompletableFuture.postComplete(Unknown Source)
	at java.base/java.util.concurrent.CompletableFuture.completeExceptionally(Unknown Source)
	at org.apache.flink.runtime.rpc.pekko.PekkoInvocationHandler.lambda$invokeRpc$1(PekkoInvocationHandler.java:261)
	at java.base/java.util.concurrent.CompletableFuture.uniWhenComplete(Unknown Source)
	at java.base/java.util.concurrent.CompletableFuture$UniWhenComplete.tryFire(Unknown Source)
	at java.base/java.util.concurrent.CompletableFuture.postComplete(Unknown Source)
	at java.base/java.util.concurrent.CompletableFuture.completeExceptionally(Unknown Source)
	at org.apache.flink.util.concurrent.FutureUtils.doForward(FutureUtils.java:1265)
	at org.apache.flink.runtime.concurrent.ClassLoadingUtils.lambda$null$1(ClassLoadingUtils.java:93)
	at org.apache.flink.runtime.concurrent.ClassLoadingUtils.runWithContextClassLoader(ClassLoadingUtils.java:68)
	at org.apache.flink.runtime.concurrent.ClassLoadingUtils.lambda$guardCompletionWithContextClassLoader$2(ClassLoadingUtils.java:92)
	at java.base/java.util.concurrent.CompletableFuture.uniWhenComplete(Unknown Source)
	at java.base/java.util.concurrent.CompletableFuture$UniWhenComplete.tryFire(Unknown Source)
	at java.base/java.util.concurrent.CompletableFuture.postComplete(Unknown Source)
	at java.base/java.util.concurrent.CompletableFuture.completeExceptionally(Unknown Source)
	at org.apache.flink.runtime.concurrent.pekko.ScalaFutureUtils$1.onComplete(ScalaFutureUtils.java:45)
	at org.apache.pekko.dispatch.OnComplete.internal(Future.scala:309)
	at org.apache.pekko.dispatch.OnComplete.internal(Future.scala:307)
	at org.apache.pekko.dispatch.japi$CallbackBridge.apply(Future.scala:234)
	at org.apache.pekko.dispatch.japi$CallbackBridge.apply(Future.scala:231)
	at scala.concurrent.impl.CallbackRunnable.run(Promise.scala:64)
	at org.apache.flink.runtime.concurrent.pekko.ScalaFutureUtils$DirectExecutionContext.execute(ScalaFutureUtils.java:65)
	at scala.concurrent.impl.CallbackRunnable.executeWithValue(Promise.scala:72)
	at scala.concurrent.impl.Promise$DefaultPromise.$anonfun$tryComplete$1(Promise.scala:288)
	at scala.concurrent.impl.Promise$DefaultPromise.$anonfun$tryComplete$1$adapted(Promise.scala:288)
	at scala.concurrent.impl.Promise$DefaultPromise.tryComplete(Promise.scala:288)
	at org.apache.pekko.pattern.PromiseActorRef.$bang(AskSupport.scala:629)
	at org.apache.pekko.pattern.PipeToSupport$PipeableFuture$$anonfun$pipeTo$1.applyOrElse(PipeToSupport.scala:35)
	at org.apache.pekko.pattern.PipeToSupport$PipeableFuture$$anonfun$pipeTo$1.applyOrElse(PipeToSupport.scala:33)
	at scala.concurrent.Future.$anonfun$andThen$1(Future.scala:536)
	at scala.concurrent.impl.Promise.liftedTree1$1(Promise.scala:33)
	at scala.concurrent.impl.Promise.$anonfun$transform$1(Promise.scala:33)
	at scala.concurrent.impl.CallbackRunnable.run(Promise.scala:64)
	at org.apache.pekko.dispatch.BatchingExecutor$AbstractBatch.processBatch(BatchingExecutor.scala:73)
	at org.apache.pekko.dispatch.BatchingExecutor$BlockableBatch.$anonfun$run$1(BatchingExecutor.scala:110)
	at scala.runtime.java8.JFunction0$mcV$sp.apply(JFunction0$mcV$sp.java:23)
	at scala.concurrent.BlockContext$.withBlockContext(BlockContext.scala:85)
	at org.apache.pekko.dispatch.BatchingExecutor$BlockableBatch.run(BatchingExecutor.scala:110)
	at org.apache.pekko.dispatch.TaskInvocation.run(AbstractDispatcher.scala:59)
	at org.apache.pekko.dispatch.ForkJoinExecutorConfigurator$PekkoForkJoinTask.exec(ForkJoinExecutorConfigurator.scala:57)
	at java.base/java.util.concurrent.ForkJoinTask.doExec(Unknown Source)
	at java.base/java.util.concurrent.ForkJoinPool$WorkQueue.topLevelExec(Unknown Source)
	at java.base/java.util.concurrent.ForkJoinPool.scan(Unknown Source)
	at java.base/java.util.concurrent.ForkJoinPool.runWorker(Unknown Source)
	at java.base/java.util.concurrent.ForkJoinWorkerThread.run(Unknown Source)
Caused by: org.apache.flink.runtime.checkpoint.CheckpointException: org.apache.flink.runtime.checkpoint.CheckpointException: Checkpoint triggering task Source: Custom Source -> PROCESS -> (Map -> Sink: Print to Std. Out, Map, _stream_key_by_map_operator) (1/1) of job d6e5fd5aa8e0ec067777f057cb6cdc4b is not being executed at the moment. Aborting checkpoint. Failure reason: Not all required tasks are currently running.
	at org.apache.flink.runtime.checkpoint.DefaultCheckpointPlanCalculator.checkTasksStarted(DefaultCheckpointPlanCalculator.java:143)
	at org.apache.flink.runtime.checkpoint.DefaultCheckpointPlanCalculator.lambda$calculateCheckpointPlan$1(DefaultCheckpointPlanCalculator.java:105)
	at java.base/java.util.concurrent.CompletableFuture$AsyncSupply.run(Unknown Source)
	at org.apache.flink.runtime.rpc.pekko.PekkoRpcActor.lambda$handleRunAsync$4(PekkoRpcActor.java:451)
	at org.apache.flink.runtime.concurrent.ClassLoadingUtils.runWithContextClassLoader(ClassLoadingUtils.java:68)
	at org.apache.flink.runtime.rpc.pekko.PekkoRpcActor.handleRunAsync(PekkoRpcActor.java:451)
	at org.apache.flink.runtime.rpc.pekko.PekkoRpcActor.handleRpcMessage(PekkoRpcActor.java:218)
	at org.apache.flink.runtime.rpc.pekko.FencedPekkoRpcActor.handleRpcMessage(FencedPekkoRpcActor.java:85)
	at org.apache.flink.runtime.rpc.pekko.PekkoRpcActor.handleMessage(PekkoRpcActor.java:168)
	at org.apache.pekko.japi.pf.UnitCaseStatement.apply(CaseStatements.scala:33)
	at org.apache.pekko.japi.pf.UnitCaseStatement.apply(CaseStatements.scala:29)
	at scala.PartialFunction.applyOrElse(PartialFunction.scala:127)
	at scala.PartialFunction.applyOrElse$(PartialFunction.scala:126)
	at org.apache.pekko.japi.pf.UnitCaseStatement.applyOrElse(CaseStatements.scala:29)
	at scala.PartialFunction$OrElse.applyOrElse(PartialFunction.scala:175)
	at scala.PartialFunction$OrElse.applyOrElse(PartialFunction.scala:176)
	at scala.PartialFunction$OrElse.applyOrElse(PartialFunction.scala:176)
	at org.apache.pekko.actor.Actor.aroundReceive(Actor.scala:547)
	at org.apache.pekko.actor.Actor.aroundReceive$(Actor.scala:545)
	at org.apache.pekko.actor.AbstractActor.aroundReceive(AbstractActor.scala:229)
	at org.apache.pekko.actor.ActorCell.receiveMessage(ActorCell.scala:590)
	at org.apache.pekko.actor.ActorCell.invoke(ActorCell.scala:557)
	at org.apache.pekko.dispatch.Mailbox.processMailbox(Mailbox.scala:280)
	at org.apache.pekko.dispatch.Mailbox.run(Mailbox.scala:241)
	at org.apache.pekko.dispatch.Mailbox.exec(Mailbox.scala:253)
	... 5 more
WARNING: Unknown module: jdk.compiler specified to --add-exports
WARNING: Unknown module: jdk.compiler specified to --add-exports
WARNING: Unknown module: jdk.compiler specified to --add-exports
WARNING: Unknown module: jdk.compiler specified to --add-exports
WARNING: Unknown module: jdk.compiler specified to --add-exports
Thu Jul 10 07:56:44 PM UTC 2025: Triggering savepoint for job d6e5fd5aa8e0ec067777f057cb6cdc4b...
Thu Jul 10 07:56:47 PM UTC 2025: Savepoint failed or incomplete:
WARNING: Unknown module: jdk.compiler specified to --add-exports
WARNING: Unknown module: jdk.compiler specified to --add-exports
WARNING: Unknown module: jdk.compiler specified to --add-exports
WARNING: Unknown module: jdk.compiler specified to --add-exports
WARNING: Unknown module: jdk.compiler specified to --add-exports
Triggering savepoint for job d6e5fd5aa8e0ec067777f057cb6cdc4b.
Waiting for response...

------------------------------------------------------------
 The program finished with the following exception:

org.apache.flink.util.FlinkException: Triggering a savepoint for the job d6e5fd5aa8e0ec067777f057cb6cdc4b failed.
	at org.apache.flink.client.cli.CliFrontend.triggerSavepoint(CliFrontend.java:815)
	at org.apache.flink.client.cli.CliFrontend.lambda$savepoint$8(CliFrontend.java:783)
	at org.apache.flink.client.cli.CliFrontend.runClusterAction(CliFrontend.java:1041)
	at org.apache.flink.client.cli.CliFrontend.savepoint(CliFrontend.java:779)
	at org.apache.flink.client.cli.CliFrontend.parseAndRun(CliFrontend.java:1113)
	at org.apache.flink.client.cli.CliFrontend.lambda$mainInternal$9(CliFrontend.java:1189)
	at org.apache.flink.runtime.security.contexts.NoOpSecurityContext.runSecured(NoOpSecurityContext.java:28)
	at org.apache.flink.client.cli.CliFrontend.mainInternal(CliFrontend.java:1189)
	at org.apache.flink.client.cli.CliFrontend.main(CliFrontend.java:1157)
Caused by: java.util.concurrent.CompletionException: java.util.concurrent.CompletionException: org.apache.flink.runtime.checkpoint.CheckpointException: Checkpoint triggering task Source: Custom Source -> PROCESS -> (Map -> Sink: Print to Std. Out, Map, _stream_key_by_map_operator) (1/1) of job d6e5fd5aa8e0ec067777f057cb6cdc4b is not being executed at the moment. Aborting checkpoint. Failure reason: Not all required tasks are currently running.
	at java.base/java.util.concurrent.CompletableFuture.encodeRelay(Unknown Source)
	at java.base/java.util.concurrent.CompletableFuture.completeRelay(Unknown Source)
	at java.base/java.util.concurrent.CompletableFuture$UniRelay.tryFire(Unknown Source)
	at java.base/java.util.concurrent.CompletableFuture.postComplete(Unknown Source)
	at java.base/java.util.concurrent.CompletableFuture.completeExceptionally(Unknown Source)
	at org.apache.flink.runtime.rpc.pekko.PekkoInvocationHandler.lambda$invokeRpc$1(PekkoInvocationHandler.java:261)
	at java.base/java.util.concurrent.CompletableFuture.uniWhenComplete(Unknown Source)
	at java.base/java.util.concurrent.CompletableFuture$UniWhenComplete.tryFire(Unknown Source)
	at java.base/java.util.concurrent.CompletableFuture.postComplete(Unknown Source)
	at java.base/java.util.concurrent.CompletableFuture.completeExceptionally(Unknown Source)
	at org.apache.flink.util.concurrent.FutureUtils.doForward(FutureUtils.java:1265)
	at org.apache.flink.runtime.concurrent.ClassLoadingUtils.lambda$null$1(ClassLoadingUtils.java:93)
	at org.apache.flink.runtime.concurrent.ClassLoadingUtils.runWithContextClassLoader(ClassLoadingUtils.java:68)
	at org.apache.flink.runtime.concurrent.ClassLoadingUtils.lambda$guardCompletionWithContextClassLoader$2(ClassLoadingUtils.java:92)
	at java.base/java.util.concurrent.CompletableFuture.uniWhenComplete(Unknown Source)
	at java.base/java.util.concurrent.CompletableFuture$UniWhenComplete.tryFire(Unknown Source)
	at java.base/java.util.concurrent.CompletableFuture.postComplete(Unknown Source)
	at java.base/java.util.concurrent.CompletableFuture.completeExceptionally(Unknown Source)
	at org.apache.flink.runtime.concurrent.pekko.ScalaFutureUtils$1.onComplete(ScalaFutureUtils.java:45)
	at org.apache.pekko.dispatch.OnComplete.internal(Future.scala:309)
	at org.apache.pekko.dispatch.OnComplete.internal(Future.scala:307)
	at org.apache.pekko.dispatch.japi$CallbackBridge.apply(Future.scala:234)
	at org.apache.pekko.dispatch.japi$CallbackBridge.apply(Future.scala:231)
	at scala.concurrent.impl.CallbackRunnable.run(Promise.scala:64)
	at org.apache.flink.runtime.concurrent.pekko.ScalaFutureUtils$DirectExecutionContext.execute(ScalaFutureUtils.java:65)
	at scala.concurrent.impl.CallbackRunnable.executeWithValue(Promise.scala:72)
	at scala.concurrent.impl.Promise$DefaultPromise.$anonfun$tryComplete$1(Promise.scala:288)
	at scala.concurrent.impl.Promise$DefaultPromise.$anonfun$tryComplete$1$adapted(Promise.scala:288)
	at scala.concurrent.impl.Promise$DefaultPromise.tryComplete(Promise.scala:288)
	at org.apache.pekko.pattern.PromiseActorRef.$bang(AskSupport.scala:629)
	at org.apache.pekko.pattern.PipeToSupport$PipeableFuture$$anonfun$pipeTo$1.applyOrElse(PipeToSupport.scala:35)
	at org.apache.pekko.pattern.PipeToSupport$PipeableFuture$$anonfun$pipeTo$1.applyOrElse(PipeToSupport.scala:33)
	at scala.concurrent.Future.$anonfun$andThen$1(Future.scala:536)
	at scala.concurrent.impl.Promise.liftedTree1$1(Promise.scala:33)
	at scala.concurrent.impl.Promise.$anonfun$transform$1(Promise.scala:33)
	at scala.concurrent.impl.CallbackRunnable.run(Promise.scala:64)
	at org.apache.pekko.dispatch.BatchingExecutor$AbstractBatch.processBatch(BatchingExecutor.scala:73)
	at org.apache.pekko.dispatch.BatchingExecutor$BlockableBatch.$anonfun$run$1(BatchingExecutor.scala:110)
	at scala.runtime.java8.JFunction0$mcV$sp.apply(JFunction0$mcV$sp.java:23)
	at scala.concurrent.BlockContext$.withBlockContext(BlockContext.scala:85)
	at org.apache.pekko.dispatch.BatchingExecutor$BlockableBatch.run(BatchingExecutor.scala:110)
	at org.apache.pekko.dispatch.TaskInvocation.run(AbstractDispatcher.scala:59)
	at org.apache.pekko.dispatch.ForkJoinExecutorConfigurator$PekkoForkJoinTask.exec(ForkJoinExecutorConfigurator.scala:57)
	at java.base/java.util.concurrent.ForkJoinTask.doExec(Unknown Source)
	at java.base/java.util.concurrent.ForkJoinPool$WorkQueue.topLevelExec(Unknown Source)
	at java.base/java.util.concurrent.ForkJoinPool.scan(Unknown Source)
	at java.base/java.util.concurrent.ForkJoinPool.runWorker(Unknown Source)
	at java.base/java.util.concurrent.ForkJoinWorkerThread.run(Unknown Source)
Caused by: org.apache.flink.runtime.checkpoint.CheckpointException: org.apache.flink.runtime.checkpoint.CheckpointException: Checkpoint triggering task Source: Custom Source -> PROCESS -> (Map -> Sink: Print to Std. Out, Map, _stream_key_by_map_operator) (1/1) of job d6e5fd5aa8e0ec067777f057cb6cdc4b is not being executed at the moment. Aborting checkpoint. Failure reason: Not all required tasks are currently running.
	at org.apache.flink.runtime.checkpoint.DefaultCheckpointPlanCalculator.checkTasksStarted(DefaultCheckpointPlanCalculator.java:143)
	at org.apache.flink.runtime.checkpoint.DefaultCheckpointPlanCalculator.lambda$calculateCheckpointPlan$1(DefaultCheckpointPlanCalculator.java:105)
	at java.base/java.util.concurrent.CompletableFuture$AsyncSupply.run(Unknown Source)
	at org.apache.flink.runtime.rpc.pekko.PekkoRpcActor.lambda$handleRunAsync$4(PekkoRpcActor.java:451)
	at org.apache.flink.runtime.concurrent.ClassLoadingUtils.runWithContextClassLoader(ClassLoadingUtils.java:68)
	at org.apache.flink.runtime.rpc.pekko.PekkoRpcActor.handleRunAsync(PekkoRpcActor.java:451)
	at org.apache.flink.runtime.rpc.pekko.PekkoRpcActor.handleRpcMessage(PekkoRpcActor.java:218)
	at org.apache.flink.runtime.rpc.pekko.FencedPekkoRpcActor.handleRpcMessage(FencedPekkoRpcActor.java:85)
	at org.apache.flink.runtime.rpc.pekko.PekkoRpcActor.handleMessage(PekkoRpcActor.java:168)
	at org.apache.pekko.japi.pf.UnitCaseStatement.apply(CaseStatements.scala:33)
	at org.apache.pekko.japi.pf.UnitCaseStatement.apply(CaseStatements.scala:29)
	at scala.PartialFunction.applyOrElse(PartialFunction.scala:127)
	at scala.PartialFunction.applyOrElse$(PartialFunction.scala:126)
	at org.apache.pekko.japi.pf.UnitCaseStatement.applyOrElse(CaseStatements.scala:29)
	at scala.PartialFunction$OrElse.applyOrElse(PartialFunction.scala:175)
	at scala.PartialFunction$OrElse.applyOrElse(PartialFunction.scala:176)
	at scala.PartialFunction$OrElse.applyOrElse(PartialFunction.scala:176)
	at org.apache.pekko.actor.Actor.aroundReceive(Actor.scala:547)
	at org.apache.pekko.actor.Actor.aroundReceive$(Actor.scala:545)
	at org.apache.pekko.actor.AbstractActor.aroundReceive(AbstractActor.scala:229)
	at org.apache.pekko.actor.ActorCell.receiveMessage(ActorCell.scala:590)
	at org.apache.pekko.actor.ActorCell.invoke(ActorCell.scala:557)
	at org.apache.pekko.dispatch.Mailbox.processMailbox(Mailbox.scala:280)
	at org.apache.pekko.dispatch.Mailbox.run(Mailbox.scala:241)
	at org.apache.pekko.dispatch.Mailbox.exec(Mailbox.scala:253)
	... 5 more
WARNING: Unknown module: jdk.compiler specified to --add-exports
WARNING: Unknown module: jdk.compiler specified to --add-exports
WARNING: Unknown module: jdk.compiler specified to --add-exports
WARNING: Unknown module: jdk.compiler specified to --add-exports
WARNING: Unknown module: jdk.compiler specified to --add-exports
Thu Jul 10 07:58:38 PM UTC 2025: Triggering savepoint for job 7122f8f5fde83db0f54d0991cd895d8e...
Thu Jul 10 07:58:44 PM UTC 2025: Savepoint failed or incomplete:
WARNING: Unknown module: jdk.compiler specified to --add-exports
WARNING: Unknown module: jdk.compiler specified to --add-exports
WARNING: Unknown module: jdk.compiler specified to --add-exports
WARNING: Unknown module: jdk.compiler specified to --add-exports
WARNING: Unknown module: jdk.compiler specified to --add-exports
Triggering savepoint for job 7122f8f5fde83db0f54d0991cd895d8e.
Waiting for response...

------------------------------------------------------------
 The program finished with the following exception:

org.apache.flink.util.FlinkException: Triggering a savepoint for the job 7122f8f5fde83db0f54d0991cd895d8e failed.
	at org.apache.flink.client.cli.CliFrontend.triggerSavepoint(CliFrontend.java:815)
	at org.apache.flink.client.cli.CliFrontend.lambda$savepoint$8(CliFrontend.java:783)
	at org.apache.flink.client.cli.CliFrontend.runClusterAction(CliFrontend.java:1041)
	at org.apache.flink.client.cli.CliFrontend.savepoint(CliFrontend.java:779)
	at org.apache.flink.client.cli.CliFrontend.parseAndRun(CliFrontend.java:1113)
	at org.apache.flink.client.cli.CliFrontend.lambda$mainInternal$9(CliFrontend.java:1189)
	at org.apache.flink.runtime.security.contexts.NoOpSecurityContext.runSecured(NoOpSecurityContext.java:28)
	at org.apache.flink.client.cli.CliFrontend.mainInternal(CliFrontend.java:1189)
	at org.apache.flink.client.cli.CliFrontend.main(CliFrontend.java:1157)
Caused by: java.util.concurrent.CompletionException: java.util.concurrent.CompletionException: org.apache.flink.runtime.checkpoint.CheckpointException: Checkpoint triggering task Source: Custom Source -> PROCESS -> (Map -> Sink: Print to Std. Out, Map, _stream_key_by_map_operator) (1/1) of job 7122f8f5fde83db0f54d0991cd895d8e is not being executed at the moment. Aborting checkpoint. Failure reason: Not all required tasks are currently running.
	at java.base/java.util.concurrent.CompletableFuture.encodeRelay(Unknown Source)
	at java.base/java.util.concurrent.CompletableFuture.completeRelay(Unknown Source)
	at java.base/java.util.concurrent.CompletableFuture$UniRelay.tryFire(Unknown Source)
	at java.base/java.util.concurrent.CompletableFuture.postComplete(Unknown Source)
	at java.base/java.util.concurrent.CompletableFuture.completeExceptionally(Unknown Source)
	at org.apache.flink.runtime.rpc.pekko.PekkoInvocationHandler.lambda$invokeRpc$1(PekkoInvocationHandler.java:261)
	at java.base/java.util.concurrent.CompletableFuture.uniWhenComplete(Unknown Source)
	at java.base/java.util.concurrent.CompletableFuture$UniWhenComplete.tryFire(Unknown Source)
	at java.base/java.util.concurrent.CompletableFuture.postComplete(Unknown Source)
	at java.base/java.util.concurrent.CompletableFuture.completeExceptionally(Unknown Source)
	at org.apache.flink.util.concurrent.FutureUtils.doForward(FutureUtils.java:1265)
	at org.apache.flink.runtime.concurrent.ClassLoadingUtils.lambda$null$1(ClassLoadingUtils.java:93)
	at org.apache.flink.runtime.concurrent.ClassLoadingUtils.runWithContextClassLoader(ClassLoadingUtils.java:68)
	at org.apache.flink.runtime.concurrent.ClassLoadingUtils.lambda$guardCompletionWithContextClassLoader$2(ClassLoadingUtils.java:92)
	at java.base/java.util.concurrent.CompletableFuture.uniWhenComplete(Unknown Source)
	at java.base/java.util.concurrent.CompletableFuture$UniWhenComplete.tryFire(Unknown Source)
	at java.base/java.util.concurrent.CompletableFuture.postComplete(Unknown Source)
	at java.base/java.util.concurrent.CompletableFuture.completeExceptionally(Unknown Source)
	at org.apache.flink.runtime.concurrent.pekko.ScalaFutureUtils$1.onComplete(ScalaFutureUtils.java:45)
	at org.apache.pekko.dispatch.OnComplete.internal(Future.scala:309)
	at org.apache.pekko.dispatch.OnComplete.internal(Future.scala:307)
	at org.apache.pekko.dispatch.japi$CallbackBridge.apply(Future.scala:234)
	at org.apache.pekko.dispatch.japi$CallbackBridge.apply(Future.scala:231)
	at scala.concurrent.impl.CallbackRunnable.run(Promise.scala:64)
	at org.apache.flink.runtime.concurrent.pekko.ScalaFutureUtils$DirectExecutionContext.execute(ScalaFutureUtils.java:65)
	at scala.concurrent.impl.CallbackRunnable.executeWithValue(Promise.scala:72)
	at scala.concurrent.impl.Promise$DefaultPromise.$anonfun$tryComplete$1(Promise.scala:288)
	at scala.concurrent.impl.Promise$DefaultPromise.$anonfun$tryComplete$1$adapted(Promise.scala:288)
	at scala.concurrent.impl.Promise$DefaultPromise.tryComplete(Promise.scala:288)
	at org.apache.pekko.pattern.PromiseActorRef.$bang(AskSupport.scala:629)
	at org.apache.pekko.pattern.PipeToSupport$PipeableFuture$$anonfun$pipeTo$1.applyOrElse(PipeToSupport.scala:35)
	at org.apache.pekko.pattern.PipeToSupport$PipeableFuture$$anonfun$pipeTo$1.applyOrElse(PipeToSupport.scala:33)
	at scala.concurrent.Future.$anonfun$andThen$1(Future.scala:536)
	at scala.concurrent.impl.Promise.liftedTree1$1(Promise.scala:33)
	at scala.concurrent.impl.Promise.$anonfun$transform$1(Promise.scala:33)
	at scala.concurrent.impl.CallbackRunnable.run(Promise.scala:64)
	at org.apache.pekko.dispatch.BatchingExecutor$AbstractBatch.processBatch(BatchingExecutor.scala:73)
	at org.apache.pekko.dispatch.BatchingExecutor$BlockableBatch.$anonfun$run$1(BatchingExecutor.scala:110)
	at scala.runtime.java8.JFunction0$mcV$sp.apply(JFunction0$mcV$sp.java:23)
	at scala.concurrent.BlockContext$.withBlockContext(BlockContext.scala:85)
	at org.apache.pekko.dispatch.BatchingExecutor$BlockableBatch.run(BatchingExecutor.scala:110)
	at org.apache.pekko.dispatch.TaskInvocation.run(AbstractDispatcher.scala:59)
	at org.apache.pekko.dispatch.ForkJoinExecutorConfigurator$PekkoForkJoinTask.exec(ForkJoinExecutorConfigurator.scala:57)
	at java.base/java.util.concurrent.ForkJoinTask.doExec(Unknown Source)
	at java.base/java.util.concurrent.ForkJoinPool$WorkQueue.topLevelExec(Unknown Source)
	at java.base/java.util.concurrent.ForkJoinPool.scan(Unknown Source)
	at java.base/java.util.concurrent.ForkJoinPool.runWorker(Unknown Source)
	at java.base/java.util.concurrent.ForkJoinWorkerThread.run(Unknown Source)
Caused by: org.apache.flink.runtime.checkpoint.CheckpointException: org.apache.flink.runtime.checkpoint.CheckpointException: Checkpoint triggering task Source: Custom Source -> PROCESS -> (Map -> Sink: Print to Std. Out, Map, _stream_key_by_map_operator) (1/1) of job 7122f8f5fde83db0f54d0991cd895d8e is not being executed at the moment. Aborting checkpoint. Failure reason: Not all required tasks are currently running.
	at org.apache.flink.runtime.checkpoint.DefaultCheckpointPlanCalculator.checkTasksStarted(DefaultCheckpointPlanCalculator.java:143)
	at org.apache.flink.runtime.checkpoint.DefaultCheckpointPlanCalculator.lambda$calculateCheckpointPlan$1(DefaultCheckpointPlanCalculator.java:105)
	at java.base/java.util.concurrent.CompletableFuture$AsyncSupply.run(Unknown Source)
	at org.apache.flink.runtime.rpc.pekko.PekkoRpcActor.lambda$handleRunAsync$4(PekkoRpcActor.java:451)
	at org.apache.flink.runtime.concurrent.ClassLoadingUtils.runWithContextClassLoader(ClassLoadingUtils.java:68)
	at org.apache.flink.runtime.rpc.pekko.PekkoRpcActor.handleRunAsync(PekkoRpcActor.java:451)
	at org.apache.flink.runtime.rpc.pekko.PekkoRpcActor.handleRpcMessage(PekkoRpcActor.java:218)
	at org.apache.flink.runtime.rpc.pekko.FencedPekkoRpcActor.handleRpcMessage(FencedPekkoRpcActor.java:85)
	at org.apache.flink.runtime.rpc.pekko.PekkoRpcActor.handleMessage(PekkoRpcActor.java:168)
	at org.apache.pekko.japi.pf.UnitCaseStatement.apply(CaseStatements.scala:33)
	at org.apache.pekko.japi.pf.UnitCaseStatement.apply(CaseStatements.scala:29)
	at scala.PartialFunction.applyOrElse(PartialFunction.scala:127)
	at scala.PartialFunction.applyOrElse$(PartialFunction.scala:126)
	at org.apache.pekko.japi.pf.UnitCaseStatement.applyOrElse(CaseStatements.scala:29)
	at scala.PartialFunction$OrElse.applyOrElse(PartialFunction.scala:175)
	at scala.PartialFunction$OrElse.applyOrElse(PartialFunction.scala:176)
	at scala.PartialFunction$OrElse.applyOrElse(PartialFunction.scala:176)
	at org.apache.pekko.actor.Actor.aroundReceive(Actor.scala:547)
	at org.apache.pekko.actor.Actor.aroundReceive$(Actor.scala:545)
	at org.apache.pekko.actor.AbstractActor.aroundReceive(AbstractActor.scala:229)
	at org.apache.pekko.actor.ActorCell.receiveMessage(ActorCell.scala:590)
	at org.apache.pekko.actor.ActorCell.invoke(ActorCell.scala:557)
	at org.apache.pekko.dispatch.Mailbox.processMailbox(Mailbox.scala:280)
	at org.apache.pekko.dispatch.Mailbox.run(Mailbox.scala:241)
	at org.apache.pekko.dispatch.Mailbox.exec(Mailbox.scala:253)
	... 5 more
WARNING: Unknown module: jdk.compiler specified to --add-exports
WARNING: Unknown module: jdk.compiler specified to --add-exports
WARNING: Unknown module: jdk.compiler specified to --add-exports
WARNING: Unknown module: jdk.compiler specified to --add-exports
WARNING: Unknown module: jdk.compiler specified to --add-exports
Thu Jul 10 08:00:47 PM UTC 2025: Triggering savepoint for job 7122f8f5fde83db0f54d0991cd895d8e...
Thu Jul 10 08:00:49 PM UTC 2025: Savepoint triggered successfully
Thu Jul 10 08:00:49 PM UTC 2025: New savepoint path: /tmp/flink/state/state_sp/savepoint-7122f8-075485ada81e
Thu Jul 10 08:00:49 PM UTC 2025: Deleting previous savepoint at /tmp/flink/state/state_sp/savepoint-e55728-65c7224910fb
WARNING: Unknown module: jdk.compiler specified to --add-exports
WARNING: Unknown module: jdk.compiler specified to --add-exports
WARNING: Unknown module: jdk.compiler specified to --add-exports
WARNING: Unknown module: jdk.compiler specified to --add-exports
WARNING: Unknown module: jdk.compiler specified to --add-exports
Thu Jul 10 08:02:52 PM UTC 2025: Triggering savepoint for job 7122f8f5fde83db0f54d0991cd895d8e...
Thu Jul 10 08:02:55 PM UTC 2025: Savepoint triggered successfully
Thu Jul 10 08:02:55 PM UTC 2025: New savepoint path: /tmp/flink/state/state_sp/savepoint-7122f8-e64981e85f89
Thu Jul 10 08:02:55 PM UTC 2025: Deleting previous savepoint at /tmp/flink/state/state_sp/savepoint-7122f8-075485ada81e
WARNING: Unknown module: jdk.compiler specified to --add-exports
WARNING: Unknown module: jdk.compiler specified to --add-exports
WARNING: Unknown module: jdk.compiler specified to --add-exports
WARNING: Unknown module: jdk.compiler specified to --add-exports
WARNING: Unknown module: jdk.compiler specified to --add-exports
Thu Jul 10 08:05:00 PM UTC 2025: Triggering savepoint for job 7122f8f5fde83db0f54d0991cd895d8e...
Thu Jul 10 08:05:03 PM UTC 2025: Savepoint triggered successfully
Thu Jul 10 08:05:03 PM UTC 2025: New savepoint path: /tmp/flink/state/state_sp/savepoint-7122f8-d06f96c116d0
Thu Jul 10 08:05:03 PM UTC 2025: Deleting previous savepoint at /tmp/flink/state/state_sp/savepoint-7122f8-e64981e85f89
WARNING: Unknown module: jdk.compiler specified to --add-exports
WARNING: Unknown module: jdk.compiler specified to --add-exports
WARNING: Unknown module: jdk.compiler specified to --add-exports
WARNING: Unknown module: jdk.compiler specified to --add-exports
WARNING: Unknown module: jdk.compiler specified to --add-exports
Thu Jul 10 08:07:07 PM UTC 2025: Triggering savepoint for job 7122f8f5fde83db0f54d0991cd895d8e...
Thu Jul 10 08:07:09 PM UTC 2025: Savepoint triggered successfully
Thu Jul 10 08:07:09 PM UTC 2025: New savepoint path: /tmp/flink/state/state_sp/savepoint-7122f8-0ec2ec0b4c08
Thu Jul 10 08:07:09 PM UTC 2025: Deleting previous savepoint at /tmp/flink/state/state_sp/savepoint-7122f8-d06f96c116d0
WARNING: Unknown module: jdk.compiler specified to --add-exports
WARNING: Unknown module: jdk.compiler specified to --add-exports
WARNING: Unknown module: jdk.compiler specified to --add-exports
WARNING: Unknown module: jdk.compiler specified to --add-exports
WARNING: Unknown module: jdk.compiler specified to --add-exports
Thu Jul 10 08:09:13 PM UTC 2025: Triggering savepoint for job 7122f8f5fde83db0f54d0991cd895d8e...
Thu Jul 10 08:09:16 PM UTC 2025: Savepoint triggered successfully
Thu Jul 10 08:09:16 PM UTC 2025: New savepoint path: /tmp/flink/state/state_sp/savepoint-7122f8-9a081501829b
Thu Jul 10 08:09:16 PM UTC 2025: Deleting previous savepoint at /tmp/flink/state/state_sp/savepoint-7122f8-0ec2ec0b4c08
WARNING: Unknown module: jdk.compiler specified to --add-exports
WARNING: Unknown module: jdk.compiler specified to --add-exports
WARNING: Unknown module: jdk.compiler specified to --add-exports
WARNING: Unknown module: jdk.compiler specified to --add-exports
WARNING: Unknown module: jdk.compiler specified to --add-exports
Thu Jul 10 08:11:19 PM UTC 2025: Triggering savepoint for job 7122f8f5fde83db0f54d0991cd895d8e...
Thu Jul 10 08:11:21 PM UTC 2025: Savepoint triggered successfully
Thu Jul 10 08:11:21 PM UTC 2025: New savepoint path: /tmp/flink/state/state_sp/savepoint-7122f8-d2b2af7c2c59
Thu Jul 10 08:11:21 PM UTC 2025: Deleting previous savepoint at /tmp/flink/state/state_sp/savepoint-7122f8-9a081501829b
WARNING: Unknown module: jdk.compiler specified to --add-exports
WARNING: Unknown module: jdk.compiler specified to --add-exports
WARNING: Unknown module: jdk.compiler specified to --add-exports
WARNING: Unknown module: jdk.compiler specified to --add-exports
WARNING: Unknown module: jdk.compiler specified to --add-exports
Thu Jul 10 08:13:28 PM UTC 2025: No running Flink job found, skipping savepoint
WARNING: Unknown module: jdk.compiler specified to --add-exports
WARNING: Unknown module: jdk.compiler specified to --add-exports
WARNING: Unknown module: jdk.compiler specified to --add-exports
WARNING: Unknown module: jdk.compiler specified to --add-exports
WARNING: Unknown module: jdk.compiler specified to --add-exports
Thu Jul 10 08:15:31 PM UTC 2025: No running Flink job found, skipping savepoint
WARNING: Unknown module: jdk.compiler specified to --add-exports
WARNING: Unknown module: jdk.compiler specified to --add-exports
WARNING: Unknown module: jdk.compiler specified to --add-exports
WARNING: Unknown module: jdk.compiler specified to --add-exports
WARNING: Unknown module: jdk.compiler specified to --add-exports
Thu Jul 10 08:16:46 PM UTC 2025: No running Flink job found, skipping savepoint
WARNING: Unknown module: jdk.compiler specified to --add-exports
WARNING: Unknown module: jdk.compiler specified to --add-exports
WARNING: Unknown module: jdk.compiler specified to --add-exports
WARNING: Unknown module: jdk.compiler specified to --add-exports
WARNING: Unknown module: jdk.compiler specified to --add-exports
Thu Jul 10 08:22:24 PM UTC 2025: Triggering savepoint for job 2748cc907672851cacac6a162d5fedf3...
Thu Jul 10 08:22:29 PM UTC 2025: Savepoint failed or incomplete:
WARNING: Unknown module: jdk.compiler specified to --add-exports
WARNING: Unknown module: jdk.compiler specified to --add-exports
WARNING: Unknown module: jdk.compiler specified to --add-exports
WARNING: Unknown module: jdk.compiler specified to --add-exports
WARNING: Unknown module: jdk.compiler specified to --add-exports
Triggering savepoint for job 2748cc907672851cacac6a162d5fedf3.
Waiting for response...

------------------------------------------------------------
 The program finished with the following exception:

org.apache.flink.util.FlinkException: Triggering a savepoint for the job 2748cc907672851cacac6a162d5fedf3 failed.
	at org.apache.flink.client.cli.CliFrontend.triggerSavepoint(CliFrontend.java:815)
	at org.apache.flink.client.cli.CliFrontend.lambda$savepoint$8(CliFrontend.java:783)
	at org.apache.flink.client.cli.CliFrontend.runClusterAction(CliFrontend.java:1041)
	at org.apache.flink.client.cli.CliFrontend.savepoint(CliFrontend.java:779)
	at org.apache.flink.client.cli.CliFrontend.parseAndRun(CliFrontend.java:1113)
	at org.apache.flink.client.cli.CliFrontend.lambda$mainInternal$9(CliFrontend.java:1189)
	at org.apache.flink.runtime.security.contexts.NoOpSecurityContext.runSecured(NoOpSecurityContext.java:28)
	at org.apache.flink.client.cli.CliFrontend.mainInternal(CliFrontend.java:1189)
	at org.apache.flink.client.cli.CliFrontend.main(CliFrontend.java:1157)
Caused by: java.util.concurrent.CompletionException: java.util.concurrent.CompletionException: org.apache.flink.runtime.checkpoint.CheckpointException: Checkpoint triggering task Source: Custom Source -> PROCESS -> (Map -> Sink: Print to Std. Out, Map, _stream_key_by_map_operator) (1/1) of job 2748cc907672851cacac6a162d5fedf3 is not being executed at the moment. Aborting checkpoint. Failure reason: Not all required tasks are currently running.
	at java.base/java.util.concurrent.CompletableFuture.encodeRelay(Unknown Source)
	at java.base/java.util.concurrent.CompletableFuture.completeRelay(Unknown Source)
	at java.base/java.util.concurrent.CompletableFuture$UniRelay.tryFire(Unknown Source)
	at java.base/java.util.concurrent.CompletableFuture.postComplete(Unknown Source)
	at java.base/java.util.concurrent.CompletableFuture.completeExceptionally(Unknown Source)
	at org.apache.flink.runtime.rpc.pekko.PekkoInvocationHandler.lambda$invokeRpc$1(PekkoInvocationHandler.java:261)
	at java.base/java.util.concurrent.CompletableFuture.uniWhenComplete(Unknown Source)
	at java.base/java.util.concurrent.CompletableFuture$UniWhenComplete.tryFire(Unknown Source)
	at java.base/java.util.concurrent.CompletableFuture.postComplete(Unknown Source)
	at java.base/java.util.concurrent.CompletableFuture.completeExceptionally(Unknown Source)
	at org.apache.flink.util.concurrent.FutureUtils.doForward(FutureUtils.java:1265)
	at org.apache.flink.runtime.concurrent.ClassLoadingUtils.lambda$null$1(ClassLoadingUtils.java:93)
	at org.apache.flink.runtime.concurrent.ClassLoadingUtils.runWithContextClassLoader(ClassLoadingUtils.java:68)
	at org.apache.flink.runtime.concurrent.ClassLoadingUtils.lambda$guardCompletionWithContextClassLoader$2(ClassLoadingUtils.java:92)
	at java.base/java.util.concurrent.CompletableFuture.uniWhenComplete(Unknown Source)
	at java.base/java.util.concurrent.CompletableFuture$UniWhenComplete.tryFire(Unknown Source)
	at java.base/java.util.concurrent.CompletableFuture.postComplete(Unknown Source)
	at java.base/java.util.concurrent.CompletableFuture.completeExceptionally(Unknown Source)
	at org.apache.flink.runtime.concurrent.pekko.ScalaFutureUtils$1.onComplete(ScalaFutureUtils.java:45)
	at org.apache.pekko.dispatch.OnComplete.internal(Future.scala:309)
	at org.apache.pekko.dispatch.OnComplete.internal(Future.scala:307)
	at org.apache.pekko.dispatch.japi$CallbackBridge.apply(Future.scala:234)
	at org.apache.pekko.dispatch.japi$CallbackBridge.apply(Future.scala:231)
	at scala.concurrent.impl.CallbackRunnable.run(Promise.scala:64)
	at org.apache.flink.runtime.concurrent.pekko.ScalaFutureUtils$DirectExecutionContext.execute(ScalaFutureUtils.java:65)
	at scala.concurrent.impl.CallbackRunnable.executeWithValue(Promise.scala:72)
	at scala.concurrent.impl.Promise$DefaultPromise.$anonfun$tryComplete$1(Promise.scala:288)
	at scala.concurrent.impl.Promise$DefaultPromise.$anonfun$tryComplete$1$adapted(Promise.scala:288)
	at scala.concurrent.impl.Promise$DefaultPromise.tryComplete(Promise.scala:288)
	at org.apache.pekko.pattern.PromiseActorRef.$bang(AskSupport.scala:629)
	at org.apache.pekko.pattern.PipeToSupport$PipeableFuture$$anonfun$pipeTo$1.applyOrElse(PipeToSupport.scala:35)
	at org.apache.pekko.pattern.PipeToSupport$PipeableFuture$$anonfun$pipeTo$1.applyOrElse(PipeToSupport.scala:33)
	at scala.concurrent.Future.$anonfun$andThen$1(Future.scala:536)
	at scala.concurrent.impl.Promise.liftedTree1$1(Promise.scala:33)
	at scala.concurrent.impl.Promise.$anonfun$transform$1(Promise.scala:33)
	at scala.concurrent.impl.CallbackRunnable.run(Promise.scala:64)
	at org.apache.pekko.dispatch.BatchingExecutor$AbstractBatch.processBatch(BatchingExecutor.scala:73)
	at org.apache.pekko.dispatch.BatchingExecutor$BlockableBatch.$anonfun$run$1(BatchingExecutor.scala:110)
	at scala.runtime.java8.JFunction0$mcV$sp.apply(JFunction0$mcV$sp.java:23)
	at scala.concurrent.BlockContext$.withBlockContext(BlockContext.scala:85)
	at org.apache.pekko.dispatch.BatchingExecutor$BlockableBatch.run(BatchingExecutor.scala:110)
	at org.apache.pekko.dispatch.TaskInvocation.run(AbstractDispatcher.scala:59)
	at org.apache.pekko.dispatch.ForkJoinExecutorConfigurator$PekkoForkJoinTask.exec(ForkJoinExecutorConfigurator.scala:57)
	at java.base/java.util.concurrent.ForkJoinTask.doExec(Unknown Source)
	at java.base/java.util.concurrent.ForkJoinPool$WorkQueue.topLevelExec(Unknown Source)
	at java.base/java.util.concurrent.ForkJoinPool.scan(Unknown Source)
	at java.base/java.util.concurrent.ForkJoinPool.runWorker(Unknown Source)
	at java.base/java.util.concurrent.ForkJoinWorkerThread.run(Unknown Source)
Caused by: org.apache.flink.runtime.checkpoint.CheckpointException: org.apache.flink.runtime.checkpoint.CheckpointException: Checkpoint triggering task Source: Custom Source -> PROCESS -> (Map -> Sink: Print to Std. Out, Map, _stream_key_by_map_operator) (1/1) of job 2748cc907672851cacac6a162d5fedf3 is not being executed at the moment. Aborting checkpoint. Failure reason: Not all required tasks are currently running.
	at org.apache.flink.runtime.checkpoint.DefaultCheckpointPlanCalculator.checkTasksStarted(DefaultCheckpointPlanCalculator.java:143)
	at org.apache.flink.runtime.checkpoint.DefaultCheckpointPlanCalculator.lambda$calculateCheckpointPlan$1(DefaultCheckpointPlanCalculator.java:105)
	at java.base/java.util.concurrent.CompletableFuture$AsyncSupply.run(Unknown Source)
	at org.apache.flink.runtime.rpc.pekko.PekkoRpcActor.lambda$handleRunAsync$4(PekkoRpcActor.java:451)
	at org.apache.flink.runtime.concurrent.ClassLoadingUtils.runWithContextClassLoader(ClassLoadingUtils.java:68)
	at org.apache.flink.runtime.rpc.pekko.PekkoRpcActor.handleRunAsync(PekkoRpcActor.java:451)
	at org.apache.flink.runtime.rpc.pekko.PekkoRpcActor.handleRpcMessage(PekkoRpcActor.java:218)
	at org.apache.flink.runtime.rpc.pekko.FencedPekkoRpcActor.handleRpcMessage(FencedPekkoRpcActor.java:85)
	at org.apache.flink.runtime.rpc.pekko.PekkoRpcActor.handleMessage(PekkoRpcActor.java:168)
	at org.apache.pekko.japi.pf.UnitCaseStatement.apply(CaseStatements.scala:33)
	at org.apache.pekko.japi.pf.UnitCaseStatement.apply(CaseStatements.scala:29)
	at scala.PartialFunction.applyOrElse(PartialFunction.scala:127)
	at scala.PartialFunction.applyOrElse$(PartialFunction.scala:126)
	at org.apache.pekko.japi.pf.UnitCaseStatement.applyOrElse(CaseStatements.scala:29)
	at scala.PartialFunction$OrElse.applyOrElse(PartialFunction.scala:175)
	at scala.PartialFunction$OrElse.applyOrElse(PartialFunction.scala:176)
	at scala.PartialFunction$OrElse.applyOrElse(PartialFunction.scala:176)
	at org.apache.pekko.actor.Actor.aroundReceive(Actor.scala:547)
	at org.apache.pekko.actor.Actor.aroundReceive$(Actor.scala:545)
	at org.apache.pekko.actor.AbstractActor.aroundReceive(AbstractActor.scala:229)
	at org.apache.pekko.actor.ActorCell.receiveMessage(ActorCell.scala:590)
	at org.apache.pekko.actor.ActorCell.invoke(ActorCell.scala:557)
	at org.apache.pekko.dispatch.Mailbox.processMailbox(Mailbox.scala:280)
	at org.apache.pekko.dispatch.Mailbox.run(Mailbox.scala:241)
	at org.apache.pekko.dispatch.Mailbox.exec(Mailbox.scala:253)
	... 5 more
WARNING: Unknown module: jdk.compiler specified to --add-exports
WARNING: Unknown module: jdk.compiler specified to --add-exports
WARNING: Unknown module: jdk.compiler specified to --add-exports
WARNING: Unknown module: jdk.compiler specified to --add-exports
WARNING: Unknown module: jdk.compiler specified to --add-exports
Thu Jul 10 08:24:33 PM UTC 2025: Triggering savepoint for job 2748cc907672851cacac6a162d5fedf3...
Thu Jul 10 08:24:37 PM UTC 2025: Savepoint triggered successfully
Thu Jul 10 08:24:37 PM UTC 2025: New savepoint path: /tmp/flink/state/state_sp/savepoint-2748cc-d072bc478fc4
Thu Jul 10 08:24:37 PM UTC 2025: Deleting previous savepoint at /tmp/flink/state/state_sp/savepoint-7122f8-d2b2af7c2c59
WARNING: Unknown module: jdk.compiler specified to --add-exports
WARNING: Unknown module: jdk.compiler specified to --add-exports
WARNING: Unknown module: jdk.compiler specified to --add-exports
WARNING: Unknown module: jdk.compiler specified to --add-exports
WARNING: Unknown module: jdk.compiler specified to --add-exports
Thu Jul 10 08:37:13 PM UTC 2025: Triggering savepoint for job 622bb4ce42f65b5917ac40ea14a7d284...
Thu Jul 10 08:37:18 PM UTC 2025: Savepoint failed or incomplete:
WARNING: Unknown module: jdk.compiler specified to --add-exports
WARNING: Unknown module: jdk.compiler specified to --add-exports
WARNING: Unknown module: jdk.compiler specified to --add-exports
WARNING: Unknown module: jdk.compiler specified to --add-exports
WARNING: Unknown module: jdk.compiler specified to --add-exports
Triggering savepoint for job 622bb4ce42f65b5917ac40ea14a7d284.
Waiting for response...

------------------------------------------------------------
 The program finished with the following exception:

org.apache.flink.util.FlinkException: Triggering a savepoint for the job 622bb4ce42f65b5917ac40ea14a7d284 failed.
	at org.apache.flink.client.cli.CliFrontend.triggerSavepoint(CliFrontend.java:815)
	at org.apache.flink.client.cli.CliFrontend.lambda$savepoint$8(CliFrontend.java:783)
	at org.apache.flink.client.cli.CliFrontend.runClusterAction(CliFrontend.java:1041)
	at org.apache.flink.client.cli.CliFrontend.savepoint(CliFrontend.java:779)
	at org.apache.flink.client.cli.CliFrontend.parseAndRun(CliFrontend.java:1113)
	at org.apache.flink.client.cli.CliFrontend.lambda$mainInternal$9(CliFrontend.java:1189)
	at org.apache.flink.runtime.security.contexts.NoOpSecurityContext.runSecured(NoOpSecurityContext.java:28)
	at org.apache.flink.client.cli.CliFrontend.mainInternal(CliFrontend.java:1189)
	at org.apache.flink.client.cli.CliFrontend.main(CliFrontend.java:1157)
Caused by: java.util.concurrent.CompletionException: java.util.concurrent.CompletionException: org.apache.flink.runtime.checkpoint.CheckpointException: Checkpoint triggering task Source: Custom Source -> PROCESS -> (Map -> Sink: Print to Std. Out, Map, _stream_key_by_map_operator) (1/1) of job 622bb4ce42f65b5917ac40ea14a7d284 is not being executed at the moment. Aborting checkpoint. Failure reason: Not all required tasks are currently running.
	at java.base/java.util.concurrent.CompletableFuture.encodeRelay(Unknown Source)
	at java.base/java.util.concurrent.CompletableFuture.completeRelay(Unknown Source)
	at java.base/java.util.concurrent.CompletableFuture$UniRelay.tryFire(Unknown Source)
	at java.base/java.util.concurrent.CompletableFuture.postComplete(Unknown Source)
	at java.base/java.util.concurrent.CompletableFuture.completeExceptionally(Unknown Source)
	at org.apache.flink.runtime.rpc.pekko.PekkoInvocationHandler.lambda$invokeRpc$1(PekkoInvocationHandler.java:261)
	at java.base/java.util.concurrent.CompletableFuture.uniWhenComplete(Unknown Source)
	at java.base/java.util.concurrent.CompletableFuture$UniWhenComplete.tryFire(Unknown Source)
	at java.base/java.util.concurrent.CompletableFuture.postComplete(Unknown Source)
	at java.base/java.util.concurrent.CompletableFuture.completeExceptionally(Unknown Source)
	at org.apache.flink.util.concurrent.FutureUtils.doForward(FutureUtils.java:1265)
	at org.apache.flink.runtime.concurrent.ClassLoadingUtils.lambda$null$1(ClassLoadingUtils.java:93)
	at org.apache.flink.runtime.concurrent.ClassLoadingUtils.runWithContextClassLoader(ClassLoadingUtils.java:68)
	at org.apache.flink.runtime.concurrent.ClassLoadingUtils.lambda$guardCompletionWithContextClassLoader$2(ClassLoadingUtils.java:92)
	at java.base/java.util.concurrent.CompletableFuture.uniWhenComplete(Unknown Source)
	at java.base/java.util.concurrent.CompletableFuture$UniWhenComplete.tryFire(Unknown Source)
	at java.base/java.util.concurrent.CompletableFuture.postComplete(Unknown Source)
	at java.base/java.util.concurrent.CompletableFuture.completeExceptionally(Unknown Source)
	at org.apache.flink.runtime.concurrent.pekko.ScalaFutureUtils$1.onComplete(ScalaFutureUtils.java:45)
	at org.apache.pekko.dispatch.OnComplete.internal(Future.scala:309)
	at org.apache.pekko.dispatch.OnComplete.internal(Future.scala:307)
	at org.apache.pekko.dispatch.japi$CallbackBridge.apply(Future.scala:234)
	at org.apache.pekko.dispatch.japi$CallbackBridge.apply(Future.scala:231)
	at scala.concurrent.impl.CallbackRunnable.run(Promise.scala:64)
	at org.apache.flink.runtime.concurrent.pekko.ScalaFutureUtils$DirectExecutionContext.execute(ScalaFutureUtils.java:65)
	at scala.concurrent.impl.CallbackRunnable.executeWithValue(Promise.scala:72)
	at scala.concurrent.impl.Promise$DefaultPromise.$anonfun$tryComplete$1(Promise.scala:288)
	at scala.concurrent.impl.Promise$DefaultPromise.$anonfun$tryComplete$1$adapted(Promise.scala:288)
	at scala.concurrent.impl.Promise$DefaultPromise.tryComplete(Promise.scala:288)
	at org.apache.pekko.pattern.PromiseActorRef.$bang(AskSupport.scala:629)
	at org.apache.pekko.pattern.PipeToSupport$PipeableFuture$$anonfun$pipeTo$1.applyOrElse(PipeToSupport.scala:35)
	at org.apache.pekko.pattern.PipeToSupport$PipeableFuture$$anonfun$pipeTo$1.applyOrElse(PipeToSupport.scala:33)
	at scala.concurrent.Future.$anonfun$andThen$1(Future.scala:536)
	at scala.concurrent.impl.Promise.liftedTree1$1(Promise.scala:33)
	at scala.concurrent.impl.Promise.$anonfun$transform$1(Promise.scala:33)
	at scala.concurrent.impl.CallbackRunnable.run(Promise.scala:64)
	at org.apache.pekko.dispatch.BatchingExecutor$AbstractBatch.processBatch(BatchingExecutor.scala:73)
	at org.apache.pekko.dispatch.BatchingExecutor$BlockableBatch.$anonfun$run$1(BatchingExecutor.scala:110)
	at scala.runtime.java8.JFunction0$mcV$sp.apply(JFunction0$mcV$sp.java:23)
	at scala.concurrent.BlockContext$.withBlockContext(BlockContext.scala:85)
	at org.apache.pekko.dispatch.BatchingExecutor$BlockableBatch.run(BatchingExecutor.scala:110)
	at org.apache.pekko.dispatch.TaskInvocation.run(AbstractDispatcher.scala:59)
	at org.apache.pekko.dispatch.ForkJoinExecutorConfigurator$PekkoForkJoinTask.exec(ForkJoinExecutorConfigurator.scala:57)
	at java.base/java.util.concurrent.ForkJoinTask.doExec(Unknown Source)
	at java.base/java.util.concurrent.ForkJoinPool$WorkQueue.topLevelExec(Unknown Source)
	at java.base/java.util.concurrent.ForkJoinPool.scan(Unknown Source)
	at java.base/java.util.concurrent.ForkJoinPool.runWorker(Unknown Source)
	at java.base/java.util.concurrent.ForkJoinWorkerThread.run(Unknown Source)
Caused by: org.apache.flink.runtime.checkpoint.CheckpointException: org.apache.flink.runtime.checkpoint.CheckpointException: Checkpoint triggering task Source: Custom Source -> PROCESS -> (Map -> Sink: Print to Std. Out, Map, _stream_key_by_map_operator) (1/1) of job 622bb4ce42f65b5917ac40ea14a7d284 is not being executed at the moment. Aborting checkpoint. Failure reason: Not all required tasks are currently running.
	at org.apache.flink.runtime.checkpoint.DefaultCheckpointPlanCalculator.checkTasksStarted(DefaultCheckpointPlanCalculator.java:143)
	at org.apache.flink.runtime.checkpoint.DefaultCheckpointPlanCalculator.lambda$calculateCheckpointPlan$1(DefaultCheckpointPlanCalculator.java:105)
	at java.base/java.util.concurrent.CompletableFuture$AsyncSupply.run(Unknown Source)
	at org.apache.flink.runtime.rpc.pekko.PekkoRpcActor.lambda$handleRunAsync$4(PekkoRpcActor.java:451)
	at org.apache.flink.runtime.concurrent.ClassLoadingUtils.runWithContextClassLoader(ClassLoadingUtils.java:68)
	at org.apache.flink.runtime.rpc.pekko.PekkoRpcActor.handleRunAsync(PekkoRpcActor.java:451)
	at org.apache.flink.runtime.rpc.pekko.PekkoRpcActor.handleRpcMessage(PekkoRpcActor.java:218)
	at org.apache.flink.runtime.rpc.pekko.FencedPekkoRpcActor.handleRpcMessage(FencedPekkoRpcActor.java:85)
	at org.apache.flink.runtime.rpc.pekko.PekkoRpcActor.handleMessage(PekkoRpcActor.java:168)
	at org.apache.pekko.japi.pf.UnitCaseStatement.apply(CaseStatements.scala:33)
	at org.apache.pekko.japi.pf.UnitCaseStatement.apply(CaseStatements.scala:29)
	at scala.PartialFunction.applyOrElse(PartialFunction.scala:127)
	at scala.PartialFunction.applyOrElse$(PartialFunction.scala:126)
	at org.apache.pekko.japi.pf.UnitCaseStatement.applyOrElse(CaseStatements.scala:29)
	at scala.PartialFunction$OrElse.applyOrElse(PartialFunction.scala:175)
	at scala.PartialFunction$OrElse.applyOrElse(PartialFunction.scala:176)
	at scala.PartialFunction$OrElse.applyOrElse(PartialFunction.scala:176)
	at org.apache.pekko.actor.Actor.aroundReceive(Actor.scala:547)
	at org.apache.pekko.actor.Actor.aroundReceive$(Actor.scala:545)
	at org.apache.pekko.actor.AbstractActor.aroundReceive(AbstractActor.scala:229)
	at org.apache.pekko.actor.ActorCell.receiveMessage(ActorCell.scala:590)
	at org.apache.pekko.actor.ActorCell.invoke(ActorCell.scala:557)
	at org.apache.pekko.dispatch.Mailbox.processMailbox(Mailbox.scala:280)
	at org.apache.pekko.dispatch.Mailbox.run(Mailbox.scala:241)
	at org.apache.pekko.dispatch.Mailbox.exec(Mailbox.scala:253)
	... 5 more
WARNING: Unknown module: jdk.compiler specified to --add-exports
WARNING: Unknown module: jdk.compiler specified to --add-exports
WARNING: Unknown module: jdk.compiler specified to --add-exports
WARNING: Unknown module: jdk.compiler specified to --add-exports
WARNING: Unknown module: jdk.compiler specified to --add-exports
Thu Jul 10 08:39:59 PM UTC 2025: Triggering savepoint for job 89870f2e3688752ed27cd9003ab8ab40...
Thu Jul 10 08:40:05 PM UTC 2025: Savepoint triggered successfully
Thu Jul 10 08:40:05 PM UTC 2025: New savepoint path: /tmp/flink/state/state_sp/savepoint-89870f-8430d2035f23
Thu Jul 10 08:40:05 PM UTC 2025: Deleting previous savepoint at /tmp/flink/state/state_sp/savepoint-2748cc-d072bc478fc4
WARNING: Unknown module: jdk.compiler specified to --add-exports
WARNING: Unknown module: jdk.compiler specified to --add-exports
WARNING: Unknown module: jdk.compiler specified to --add-exports
WARNING: Unknown module: jdk.compiler specified to --add-exports
WARNING: Unknown module: jdk.compiler specified to --add-exports
Thu Jul 10 08:44:34 PM UTC 2025: Triggering savepoint for job cc1463bbfd94375405c77da7ea714dba...
Thu Jul 10 08:44:38 PM UTC 2025: Savepoint triggered successfully
Thu Jul 10 08:44:38 PM UTC 2025: New savepoint path: /tmp/flink/state/state_sp/savepoint-cc1463-f712d070b000
Thu Jul 10 08:44:38 PM UTC 2025: Deleting previous savepoint at /tmp/flink/state/state_sp/savepoint-89870f-8430d2035f23
WARNING: Unknown module: jdk.compiler specified to --add-exports
WARNING: Unknown module: jdk.compiler specified to --add-exports
WARNING: Unknown module: jdk.compiler specified to --add-exports
WARNING: Unknown module: jdk.compiler specified to --add-exports
WARNING: Unknown module: jdk.compiler specified to --add-exports
